<?xml version="1.0" encoding="UTF-8"?>
<testsuite xmlns:xsi="http://www.w3.org/2001/XMLSchema-instance" xsi:noNamespaceSchemaLocation="https://maven.apache.org/surefire/maven-surefire-plugin/xsd/surefire-test-report.xsd" name="RangeMapTests" time="0.061" tests="3" errors="0" skipped="0" failures="0">
  <properties>
[...]
</properties>
  <testcase name="rangeSetRemovingTest" classname="RangeMapTests" time="0.039"/>
  <testcase name="rangeMapCreationTest" classname="RangeMapTests" time="0.003"/>
  <testcase name="rangeMapGettingValTest" classname="RangeMapTests" time="0.002"/>
</testsuite>